<?xml version="1.0" encoding="UTF-8"?>
<coverage generated="1704451207416" clover="3.2.0">
  <project timestamp="1704451207416" name="All files">
    <metrics statements="37" coveredstatements="34" conditionals="5" coveredconditionals="5" methods="8" coveredmethods="6" elements="50" coveredelements="45" complexity="0" loc="37" ncloc="37" packages="4" files="4" classes="4"/>
    <package name="src">
      <metrics statements="6" coveredstatements="6" conditionals="0" coveredconditionals="0" methods="1" coveredmethods="1"/>
      <file name="TestWrapper.ts" path="/home/rails/Downloads/proj/to-do-app/src/TestWrapper.ts">
        <metrics statements="6" coveredstatements="6" conditionals="0" coveredconditionals="0" methods="1" coveredmethods="1"/>
        <line num="2" count="3" type="stmt"/>
        <line num="3" count="3" type="stmt"/>
        <line num="5" count="3" type="stmt"/>
        <line num="9" count="6" type="stmt"/>
        <line num="15" count="3" type="stmt"/>
        <line num="16" count="3" type="stmt"/>
      </file>
    </package>
    <package name="src.components.AreYouSure">
      <metrics statements="16" coveredstatements="13" conditionals="3" coveredconditionals="3" methods="4" coveredmethods="2"/>
      <file name="index.tsx" path="/home/rails/Downloads/proj/to-do-app/src/components/AreYouSure/index.tsx">
        <metrics statements="16" coveredstatements="13" conditionals="3" coveredconditionals="3" methods="4" coveredmethods="2"/>
        <line num="1" count="2" type="stmt"/>
        <line num="2" count="2" type="stmt"/>
        <line num="3" count="2" type="stmt"/>
        <line num="4" count="2" type="stmt"/>
        <line num="5" count="2" type="stmt"/>
        <line num="6" count="2" type="stmt"/>
        <line num="8" count="2" type="stmt"/>
        <line num="9" count="6" type="stmt"/>
        <line num="10" count="6" type="stmt"/>
        <line num="11" count="6" type="stmt"/>
        <line num="12" count="10" type="stmt"/>
        <line num="13" count="6" type="stmt"/>
        <line num="20" count="0" type="stmt"/>
        <line num="21" count="0" type="stmt"/>
        <line num="32" count="0" type="stmt"/>
        <line num="47" count="2" type="stmt"/>
      </file>
    </package>
    <package name="src.components.Common.Navbar">
      <metrics statements="13" coveredstatements="13" conditionals="2" coveredconditionals="2" methods="3" coveredmethods="3"/>
      <file name="index.tsx" path="/home/rails/Downloads/proj/to-do-app/src/components/Common/Navbar/index.tsx">
        <metrics statements="13" coveredstatements="13" conditionals="2" coveredconditionals="2" methods="3" coveredmethods="3"/>
        <line num="1" count="1" type="stmt"/>
        <line num="9" count="1" type="stmt"/>
        <line num="10" count="1" type="stmt"/>
        <line num="11" count="1" type="stmt"/>
        <line num="12" count="1" type="stmt"/>
        <line num="13" count="1" type="stmt"/>
        <line num="14" count="1" type="stmt"/>
        <line num="17" count="8" type="stmt"/>
        <line num="18" count="4" type="stmt"/>
        <line num="19" count="4" type="stmt"/>
        <line num="21" count="4" type="stmt"/>
        <line num="72" count="2" type="stmt"/>
        <line num="83" count="1" type="stmt"/>
      </file>
    </package>
    <package name="src.constant">
      <metrics statements="2" coveredstatements="2" conditionals="0" coveredconditionals="0" methods="0" coveredmethods="0"/>
      <file name="TestIds.ts" path="/home/rails/Downloads/proj/to-do-app/src/constant/TestIds.ts">
        <metrics statements="2" coveredstatements="2" conditionals="0" coveredconditionals="0" methods="0" coveredmethods="0"/>
        <line num="1" count="3" type="stmt"/>
        <line num="6" count="3" type="stmt"/>
      </file>
    </package>
  </project>
</coverage>
