{"/home/rails/Downloads/proj/to-do-app/src/App.tsx": {"path":"/home/rails/Downloads/proj/to-do-app/src/App.tsx","statementMap":{"0":{"start":{"line":1,"column":0},"end":{"line":1,"column":32}},"1":{"start":{"line":2,"column":0},"end":{"line":2,"column":72}},"2":{"start":{"line":3,"column":0},"end":{"line":3,"column":53}},"3":{"start":{"line":4,"column":0},"end":{"line":4,"column":null}},"4":{"start":{"line":10,"column":0},"end":{"line":10,"column":31}},"5":{"start":{"line":11,"column":0},"end":{"line":11,"column":36}},"6":{"start":{"line":12,"column":0},"end":{"line":12,"column":46}},"7":{"start":{"line":15,"column":19},"end":{"line":15,"column":57}},"8":{"start":{"line":15,"column":45},"end":{"line":15,"column":56}},"9":{"start":{"line":16,"column":16},"end":{"line":16,"column":71}},"10":{"start":{"line":16,"column":30},"end":{"line":16,"column":62}},"11":{"start":{"line":18,"column":2},"end":{"line":32,"column":4}},"12":{"start":{"line":35,"column":0},"end":{"line":35,"column":19}}},"fnMap":{"0":{"name":"App","decl":{"start":{"line":14,"column":9},"end":{"line":14,"column":12}},"loc":{"start":{"line":14,"column":12},"end":{"line":33,"column":1}}},"1":{"name":"(anonymous_2)","decl":{"start":{"line":15,"column":34},"end":{"line":15,"column":35}},"loc":{"start":{"line":15,"column":45},"end":{"line":15,"column":56}}},"2":{"name":"(anonymous_3)","decl":{"start":{"line":16,"column":24},"end":{"line":16,"column":27}},"loc":{"start":{"line":16,"column":30},"end":{"line":16,"column":62}}}},"branchMap":{},"s":{"0":0,"1":0,"2":0,"3":0,"4":0,"5":0,"6":0,"7":0,"8":0,"9":0,"10":0,"11":0,"12":0},"f":{"0":0,"1":0,"2":0},"b":{}}
,"/home/rails/Downloads/proj/to-do-app/src/Test.tsx": {"path":"/home/rails/Downloads/proj/to-do-app/src/Test.tsx","statementMap":{"0":{"start":{"line":1,"column":0},"end":{"line":1,"column":43}},"1":{"start":{"line":2,"column":0},"end":{"line":2,"column":37}},"2":{"start":{"line":3,"column":0},"end":{"line":3,"column":39}},"3":{"start":{"line":4,"column":0},"end":{"line":4,"column":72}},"4":{"start":{"line":5,"column":0},"end":{"line":5,"column":52}},"5":{"start":{"line":6,"column":0},"end":{"line":6,"column":46}},"6":{"start":{"line":8,"column":21},"end":{"line":10,"column":1}},"7":{"start":{"line":9,"column":2},"end":{"line":9,"column":55}},"8":{"start":{"line":12,"column":21},"end":{"line":21,"column":1}},"9":{"start":{"line":13,"column":19},"end":{"line":13,"column":57}},"10":{"start":{"line":13,"column":45},"end":{"line":13,"column":56}},"11":{"start":{"line":14,"column":16},"end":{"line":14,"column":71}},"12":{"start":{"line":14,"column":30},"end":{"line":14,"column":62}},"13":{"start":{"line":15,"column":2},"end":{"line":20,"column":4}},"14":{"start":{"line":23,"column":16},"end":{"line":29,"column":1}},"15":{"start":{"line":24,"column":2},"end":{"line":28,"column":4}},"16":{"start":{"line":30,"column":0},"end":{"line":30,"column":23}}},"fnMap":{"0":{"name":"(anonymous_0)","decl":{"start":{"line":8,"column":21},"end":{"line":8,"column":22}},"loc":{"start":{"line":8,"column":63},"end":{"line":10,"column":1}}},"1":{"name":"(anonymous_1)","decl":{"start":{"line":12,"column":21},"end":{"line":12,"column":22}},"loc":{"start":{"line":12,"column":63},"end":{"line":21,"column":1}}},"2":{"name":"(anonymous_2)","decl":{"start":{"line":13,"column":34},"end":{"line":13,"column":35}},"loc":{"start":{"line":13,"column":45},"end":{"line":13,"column":56}}},"3":{"name":"(anonymous_3)","decl":{"start":{"line":14,"column":24},"end":{"line":14,"column":27}},"loc":{"start":{"line":14,"column":30},"end":{"line":14,"column":62}}},"4":{"name":"(anonymous_4)","decl":{"start":{"line":23,"column":16},"end":{"line":23,"column":17}},"loc":{"start":{"line":23,"column":58},"end":{"line":29,"column":1}}}},"branchMap":{},"s":{"0":4,"1":4,"2":4,"3":4,"4":4,"5":4,"6":4,"7":11,"8":4,"9":13,"10":24,"11":13,"12":11,"13":13,"14":4,"15":11,"16":4},"f":{"0":11,"1":13,"2":24,"3":11,"4":11},"b":{}}
,"/home/rails/Downloads/proj/to-do-app/src/TestWrapper.ts": {"path":"/home/rails/Downloads/proj/to-do-app/src/TestWrapper.ts","statementMap":{"0":{"start":{"line":2,"column":0},"end":{"line":2,"column":63}},"1":{"start":{"line":3,"column":0},"end":{"line":3,"column":33}},"2":{"start":{"line":5,"column":21},"end":{"line":13,"column":1}},"3":{"start":{"line":9,"column":2},"end":{"line":12,"column":5}},"4":{"start":{"line":16,"column":25},"end":{"line":16,"column":31}},"5":{"start":{"line":15,"column":0},"end":{"line":15,"column":39}}},"fnMap":{"0":{"name":"(anonymous_5)","decl":{"start":{"line":5,"column":21},"end":{"line":5,"column":null}},"loc":{"start":{"line":8,"column":4},"end":{"line":13,"column":1}}}},"branchMap":{},"s":{"0":4,"1":4,"2":4,"3":9,"4":4,"5":4},"f":{"0":9},"b":{}}
,"/home/rails/Downloads/proj/to-do-app/src/main.tsx": {"path":"/home/rails/Downloads/proj/to-do-app/src/main.tsx","statementMap":{"0":{"start":{"line":1,"column":0},"end":{"line":1,"column":26}},"1":{"start":{"line":2,"column":0},"end":{"line":2,"column":40}},"2":{"start":{"line":3,"column":0},"end":{"line":3,"column":24}},"3":{"start":{"line":4,"column":0},"end":{"line":4,"column":37}},"4":{"start":{"line":5,"column":0},"end":{"line":5,"column":39}},"5":{"start":{"line":7,"column":0},"end":{"line":13,"column":2}}},"fnMap":{},"branchMap":{},"s":{"0":0,"1":0,"2":0,"3":0,"4":0,"5":0},"f":{},"b":{}}
,"/home/rails/Downloads/proj/to-do-app/src/vite-env.d.ts": {"path":"/home/rails/Downloads/proj/to-do-app/src/vite-env.d.ts","statementMap":{},"fnMap":{},"branchMap":{},"s":{},"f":{},"b":{}}
,"/home/rails/Downloads/proj/to-do-app/src/components/AreYouSure/index.tsx": {"path":"/home/rails/Downloads/proj/to-do-app/src/components/AreYouSure/index.tsx","statementMap":{"0":{"start":{"line":1,"column":0},"end":{"line":1,"column":51}},"1":{"start":{"line":2,"column":0},"end":{"line":2,"column":56}},"2":{"start":{"line":3,"column":0},"end":{"line":3,"column":62}},"3":{"start":{"line":4,"column":0},"end":{"line":4,"column":54}},"4":{"start":{"line":5,"column":0},"end":{"line":5,"column":54}},"5":{"start":{"line":6,"column":0},"end":{"line":6,"column":55}},"6":{"start":{"line":8,"column":19},"end":{"line":46,"column":1}},"7":{"start":{"line":9,"column":19},"end":{"line":9,"column":35}},"8":{"start":{"line":10,"column":25},"end":{"line":10,"column":35}},"9":{"start":{"line":11,"column":26},"end":{"line":11,"column":36}},"10":{"start":{"line":12,"column":27},"end":{"line":12,"column":56}},"11":{"start":{"line":12,"column":49},"end":{"line":12,"column":55}},"12":{"start":{"line":13,"column":2},"end":{"line":45,"column":4}},"13":{"start":{"line":20,"column":14},"end":{"line":20,"column":47}},"14":{"start":{"line":21,"column":14},"end":{"line":21,"column":57}},"15":{"start":{"line":32,"column":27},"end":{"line":32,"column":69}},"16":{"start":{"line":47,"column":0},"end":{"line":47,"column":26}}},"fnMap":{"0":{"name":"(anonymous_1)","decl":{"start":{"line":8,"column":19},"end":{"line":8,"column":20}},"loc":{"start":{"line":8,"column":52},"end":{"line":46,"column":1}}},"1":{"name":"(anonymous_2)","decl":{"start":{"line":12,"column":42},"end":{"line":12,"column":43}},"loc":{"start":{"line":12,"column":49},"end":{"line":12,"column":55}}},"2":{"name":"(anonymous_3)","decl":{"start":{"line":19,"column":21},"end":{"line":19,"column":24}},"loc":{"start":{"line":19,"column":26},"end":{"line":22,"column":13}}},"3":{"name":"(anonymous_4)","decl":{"start":{"line":32,"column":21},"end":{"line":32,"column":24}},"loc":{"start":{"line":32,"column":27},"end":{"line":32,"column":69}}}},"branchMap":{"0":{"loc":{"start":{"line":14,"column":26},"end":{"line":14,"column":51}},"type":"binary-expr","locations":[{"start":{"line":14,"column":26},"end":{"line":14,"column":30}},{"start":{"line":14,"column":34},"end":{"line":14,"column":42}},{"start":{"line":14,"column":46},"end":{"line":14,"column":51}}]}},"s":{"0":2,"1":2,"2":2,"3":2,"4":2,"5":2,"6":2,"7":6,"8":6,"9":6,"10":6,"11":10,"12":6,"13":0,"14":0,"15":0,"16":2},"f":{"0":6,"1":10,"2":0,"3":0},"b":{"0":[6,3,3]}}
,"/home/rails/Downloads/proj/to-do-app/src/components/Common/Navbar/index.tsx": {"path":"/home/rails/Downloads/proj/to-do-app/src/components/Common/Navbar/index.tsx","statementMap":{"0":{"start":{"line":1,"column":0},"end":{"line":1,"column":null}},"1":{"start":{"line":9,"column":0},"end":{"line":9,"column":46}},"2":{"start":{"line":10,"column":0},"end":{"line":10,"column":58}},"3":{"start":{"line":11,"column":0},"end":{"line":11,"column":58}},"4":{"start":{"line":12,"column":0},"end":{"line":12,"column":62}},"5":{"start":{"line":13,"column":0},"end":{"line":13,"column":56}},"6":{"start":{"line":14,"column":0},"end":{"line":14,"column":41}},"7":{"start":{"line":17,"column":19},"end":{"line":17,"column":57}},"8":{"start":{"line":17,"column":45},"end":{"line":17,"column":56}},"9":{"start":{"line":18,"column":19},"end":{"line":18,"column":35}},"10":{"start":{"line":19,"column":25},"end":{"line":19,"column":36}},"11":{"start":{"line":21,"column":2},"end":{"line":81,"column":4}},"12":{"start":{"line":72,"column":29},"end":{"line":72,"column":51}},"13":{"start":{"line":83,"column":0},"end":{"line":83,"column":22}}},"fnMap":{"0":{"name":"Navbar","decl":{"start":{"line":16,"column":9},"end":{"line":16,"column":15}},"loc":{"start":{"line":16,"column":15},"end":{"line":82,"column":1}}},"1":{"name":"(anonymous_2)","decl":{"start":{"line":17,"column":34},"end":{"line":17,"column":35}},"loc":{"start":{"line":17,"column":45},"end":{"line":17,"column":56}}},"2":{"name":"(anonymous_3)","decl":{"start":{"line":72,"column":23},"end":{"line":72,"column":26}},"loc":{"start":{"line":72,"column":29},"end":{"line":72,"column":51}}}},"branchMap":{"0":{"loc":{"start":{"line":74,"column":15},"end":{"line":74,"column":71}},"type":"cond-expr","locations":[{"start":{"line":74,"column":34},"end":{"line":74,"column":51}},{"start":{"line":74,"column":54},"end":{"line":74,"column":71}}]}},"s":{"0":1,"1":1,"2":1,"3":1,"4":1,"5":1,"6":1,"7":4,"8":8,"9":4,"10":4,"11":4,"12":2,"13":1},"f":{"0":4,"1":8,"2":2},"b":{"0":[1,3]}}
,"/home/rails/Downloads/proj/to-do-app/src/components/Common/PopupBox/index.tsx": {"path":"/home/rails/Downloads/proj/to-do-app/src/components/Common/PopupBox/index.tsx","statementMap":{"0":{"start":{"line":1,"column":0},"end":{"line":1,"column":40}},"1":{"start":{"line":3,"column":17},"end":{"line":29,"column":1}},"2":{"start":{"line":10,"column":2},"end":{"line":28,"column":4}},"3":{"start":{"line":31,"column":0},"end":{"line":31,"column":24}}},"fnMap":{"0":{"name":"(anonymous_0)","decl":{"start":{"line":3,"column":17},"end":{"line":3,"column":18}},"loc":{"start":{"line":9,"column":5},"end":{"line":29,"column":1}}}},"branchMap":{},"s":{"0":2,"1":2,"2":8,"3":2},"f":{"0":8},"b":{}}
,"/home/rails/Downloads/proj/to-do-app/src/components/DragList/index.tsx": {"path":"/home/rails/Downloads/proj/to-do-app/src/components/DragList/index.tsx","statementMap":{"0":{"start":{"line":1,"column":0},"end":{"line":1,"column":31}},"1":{"start":{"line":2,"column":0},"end":{"line":2,"column":57}},"2":{"start":{"line":3,"column":0},"end":{"line":3,"column":44}},"3":{"start":{"line":4,"column":0},"end":{"line":4,"column":33}},"4":{"start":{"line":5,"column":0},"end":{"line":5,"column":31}},"5":{"start":{"line":7,"column":0},"end":{"line":7,"column":41}},"6":{"start":{"line":8,"column":0},"end":{"line":8,"column":36}},"7":{"start":{"line":11,"column":2},"end":{"line":27,"column":10}},"8":{"start":{"line":12,"column":2},"end":{"line":27,"column":10}},"9":{"start":{"line":13,"column":4},"end":{"line":27,"column":10}},"10":{"start":{"line":19,"column":38},"end":{"line":19,"column":69}},"11":{"start":{"line":30,"column":16},"end":{"line":30,"column":54}},"12":{"start":{"line":30,"column":47},"end":{"line":30,"column":52}},"13":{"start":{"line":31,"column":25},"end":{"line":31,"column":68}},"14":{"start":{"line":32,"column":15},"end":{"line":42,"column":4}},"15":{"start":{"line":33,"column":21},"end":{"line":33,"column":57}},"16":{"start":{"line":34,"column":19},"end":{"line":37,"column":null}},"17":{"start":{"line":39,"column":21},"end":{"line":39,"column":58}},"18":{"start":{"line":40,"column":4},"end":{"line":40,"column":64}},"19":{"start":{"line":41,"column":4},"end":{"line":41,"column":42}},"20":{"start":{"line":41,"column":17},"end":{"line":41,"column":42}},"21":{"start":{"line":43,"column":2},"end":{"line":61,"column":4}},"22":{"start":{"line":46,"column":8},"end":{"line":57,"column":null}},"23":{"start":{"line":52,"column":21},"end":{"line":52,"column":68}},"24":{"start":{"line":65,"column":2},"end":{"line":69,"column":4}},"25":{"start":{"line":64,"column":0},"end":{"line":64,"column":24}}},"fnMap":{"0":{"name":"(anonymous_1)","decl":{"start":{"line":11,"column":2},"end":{"line":11,"column":3}},"loc":{"start":{"line":12,"column":2},"end":{"line":27,"column":10}}},"1":{"name":"(anonymous_2)","decl":{"start":{"line":12,"column":2},"end":{"line":12,"column":3}},"loc":{"start":{"line":13,"column":4},"end":{"line":27,"column":10}}},"2":{"name":"(anonymous_3)","decl":{"start":{"line":19,"column":21},"end":{"line":19,"column":22}},"loc":{"start":{"line":19,"column":38},"end":{"line":19,"column":69}}},"3":{"name":"DraggableList","decl":{"start":{"line":29,"column":9},"end":{"line":29,"column":22}},"loc":{"start":{"line":29,"column":53},"end":{"line":62,"column":1}}},"4":{"name":"(anonymous_5)","decl":{"start":{"line":30,"column":33},"end":{"line":30,"column":34}},"loc":{"start":{"line":30,"column":47},"end":{"line":30,"column":52}}},"5":{"name":"(anonymous_6)","decl":{"start":{"line":32,"column":23},"end":{"line":32,"column":24}},"loc":{"start":{"line":32,"column":78},"end":{"line":42,"column":3}}},"6":{"name":"(anonymous_7)","decl":{"start":{"line":45,"column":19},"end":{"line":45,"column":20}},"loc":{"start":{"line":46,"column":8},"end":{"line":57,"column":null}}},"7":{"name":"(anonymous_8)","decl":{"start":{"line":52,"column":14},"end":{"line":52,"column":15}},"loc":{"start":{"line":52,"column":21},"end":{"line":52,"column":68}}},"8":{"name":"DragList","decl":{"start":{"line":64,"column":24},"end":{"line":64,"column":32}},"loc":{"start":{"line":64,"column":63},"end":{"line":70,"column":1}}}},"branchMap":{"0":{"loc":{"start":{"line":11,"column":20},"end":{"line":11,"column":34}},"type":"default-arg","locations":[{"start":{"line":11,"column":29},"end":{"line":11,"column":34}}]},"1":{"loc":{"start":{"line":11,"column":36},"end":{"line":11,"column":53}},"type":"default-arg","locations":[{"start":{"line":11,"column":52},"end":{"line":11,"column":53}}]},"2":{"loc":{"start":{"line":11,"column":55},"end":{"line":11,"column":67}},"type":"default-arg","locations":[{"start":{"line":11,"column":66},"end":{"line":11,"column":67}}]},"3":{"loc":{"start":{"line":11,"column":69},"end":{"line":11,"column":74}},"type":"default-arg","locations":[{"start":{"line":11,"column":73},"end":{"line":11,"column":74}}]},"4":{"loc":{"start":{"line":13,"column":4},"end":{"line":27,"column":10}},"type":"cond-expr","locations":[{"start":{"line":14,"column":8},"end":{"line":20,"column":null}},{"start":{"line":21,"column":8},"end":{"line":27,"column":10}}]},"5":{"loc":{"start":{"line":13,"column":4},"end":{"line":13,"column":37}},"type":"binary-expr","locations":[{"start":{"line":13,"column":4},"end":{"line":13,"column":10}},{"start":{"line":13,"column":14},"end":{"line":13,"column":37}}]},"6":{"loc":{"start":{"line":19,"column":38},"end":{"line":19,"column":69}},"type":"binary-expr","locations":[{"start":{"line":19,"column":38},"end":{"line":19,"column":49}},{"start":{"line":19,"column":53},"end":{"line":19,"column":69}}]},"7":{"loc":{"start":{"line":41,"column":4},"end":{"line":41,"column":42}},"type":"if","locations":[{"start":{"line":41,"column":4},"end":{"line":41,"column":42}}]}},"s":{"0":0,"1":0,"2":0,"3":0,"4":0,"5":0,"6":0,"7":0,"8":0,"9":0,"10":0,"11":0,"12":0,"13":0,"14":0,"15":0,"16":0,"17":0,"18":0,"19":0,"20":0,"21":0,"22":0,"23":0,"24":0,"25":0},"f":{"0":0,"1":0,"2":0,"3":0,"4":0,"5":0,"6":0,"7":0,"8":0},"b":{"0":[0],"1":[0],"2":[0],"3":[0],"4":[0,0],"5":[0,0],"6":[0,0],"7":[0]}}
,"/home/rails/Downloads/proj/to-do-app/src/components/DragList/types.d.ts": {"path":"/home/rails/Downloads/proj/to-do-app/src/components/DragList/types.d.ts","statementMap":{},"fnMap":{},"branchMap":{},"s":{},"f":{},"b":{}}
,"/home/rails/Downloads/proj/to-do-app/src/components/ModifyTask/index.tsx": {"path":"/home/rails/Downloads/proj/to-do-app/src/components/ModifyTask/index.tsx","statementMap":{"0":{"start":{"line":1,"column":0},"end":{"line":1,"column":51}},"1":{"start":{"line":2,"column":0},"end":{"line":2,"column":46}},"2":{"start":{"line":3,"column":0},"end":{"line":3,"column":44}},"3":{"start":{"line":5,"column":15},"end":{"line":15,"column":1}},"4":{"start":{"line":6,"column":23},"end":{"line":6,"column":60}},"5":{"start":{"line":6,"column":49},"end":{"line":6,"column":59}},"6":{"start":{"line":7,"column":17},"end":{"line":7,"column":46}},"7":{"start":{"line":7,"column":39},"end":{"line":7,"column":45}},"8":{"start":{"line":8,"column":2},"end":{"line":14,"column":4}},"9":{"start":{"line":17,"column":0},"end":{"line":17,"column":22}}},"fnMap":{"0":{"name":"(anonymous_1)","decl":{"start":{"line":5,"column":15},"end":{"line":5,"column":18}},"loc":{"start":{"line":5,"column":20},"end":{"line":15,"column":1}}},"1":{"name":"(anonymous_2)","decl":{"start":{"line":6,"column":38},"end":{"line":6,"column":39}},"loc":{"start":{"line":6,"column":49},"end":{"line":6,"column":59}}},"2":{"name":"(anonymous_3)","decl":{"start":{"line":7,"column":32},"end":{"line":7,"column":33}},"loc":{"start":{"line":7,"column":39},"end":{"line":7,"column":45}}}},"branchMap":{"0":{"loc":{"start":{"line":10,"column":28},"end":{"line":10,"column":45}},"type":"binary-expr","locations":[{"start":{"line":10,"column":28},"end":{"line":10,"column":36}},{"start":{"line":10,"column":40},"end":{"line":10,"column":45}}]}},"s":{"0":1,"1":1,"2":1,"3":1,"4":1,"5":2,"6":1,"7":2,"8":1,"9":1},"f":{"0":1,"1":2,"2":2},"b":{"0":[1,1]}}
,"/home/rails/Downloads/proj/to-do-app/src/components/Option/index.tsx": {"path":"/home/rails/Downloads/proj/to-do-app/src/components/Option/index.tsx","statementMap":{"0":{"start":{"line":1,"column":0},"end":{"line":1,"column":44}},"1":{"start":{"line":2,"column":0},"end":{"line":2,"column":33}},"2":{"start":{"line":3,"column":0},"end":{"line":3,"column":52}},"3":{"start":{"line":4,"column":0},"end":{"line":4,"column":48}},"4":{"start":{"line":5,"column":0},"end":{"line":5,"column":51}},"5":{"start":{"line":6,"column":0},"end":{"line":6,"column":62}},"6":{"start":{"line":7,"column":0},"end":{"line":7,"column":54}},"7":{"start":{"line":9,"column":14},"end":{"line":59,"column":1}},"8":{"start":{"line":10,"column":34},"end":{"line":10,"column":49}},"9":{"start":{"line":11,"column":34},"end":{"line":11,"column":49}},"10":{"start":{"line":12,"column":25},"end":{"line":12,"column":62}},"11":{"start":{"line":12,"column":51},"end":{"line":12,"column":61}},"12":{"start":{"line":13,"column":50},"end":{"line":13,"column":60}},"13":{"start":{"line":14,"column":19},"end":{"line":14,"column":35}},"14":{"start":{"line":16,"column":2},"end":{"line":58,"column":4}},"15":{"start":{"line":22,"column":34},"end":{"line":22,"column":51}},"16":{"start":{"line":23,"column":34},"end":{"line":23,"column":52}},"17":{"start":{"line":29,"column":18},"end":{"line":29,"column":61}},"18":{"start":{"line":30,"column":18},"end":{"line":30,"column":60}},"19":{"start":{"line":39,"column":34},"end":{"line":39,"column":51}},"20":{"start":{"line":40,"column":34},"end":{"line":40,"column":52}},"21":{"start":{"line":47,"column":18},"end":{"line":47,"column":60}},"22":{"start":{"line":48,"column":18},"end":{"line":48,"column":61}},"23":{"start":{"line":61,"column":0},"end":{"line":61,"column":21}}},"fnMap":{"0":{"name":"(anonymous_1)","decl":{"start":{"line":9,"column":14},"end":{"line":9,"column":17}},"loc":{"start":{"line":9,"column":19},"end":{"line":59,"column":1}}},"1":{"name":"(anonymous_2)","decl":{"start":{"line":12,"column":40},"end":{"line":12,"column":41}},"loc":{"start":{"line":12,"column":51},"end":{"line":12,"column":61}}},"2":{"name":"(anonymous_3)","decl":{"start":{"line":22,"column":28},"end":{"line":22,"column":31}},"loc":{"start":{"line":22,"column":34},"end":{"line":22,"column":51}}},"3":{"name":"(anonymous_4)","decl":{"start":{"line":23,"column":28},"end":{"line":23,"column":31}},"loc":{"start":{"line":23,"column":34},"end":{"line":23,"column":52}}},"4":{"name":"(anonymous_5)","decl":{"start":{"line":28,"column":25},"end":{"line":28,"column":28}},"loc":{"start":{"line":28,"column":30},"end":{"line":31,"column":17}}},"5":{"name":"(anonymous_6)","decl":{"start":{"line":39,"column":28},"end":{"line":39,"column":31}},"loc":{"start":{"line":39,"column":34},"end":{"line":39,"column":51}}},"6":{"name":"(anonymous_7)","decl":{"start":{"line":40,"column":28},"end":{"line":40,"column":31}},"loc":{"start":{"line":40,"column":34},"end":{"line":40,"column":52}}},"7":{"name":"(anonymous_8)","decl":{"start":{"line":46,"column":25},"end":{"line":46,"column":28}},"loc":{"start":{"line":46,"column":30},"end":{"line":49,"column":17}}}},"branchMap":{"0":{"loc":{"start":{"line":27,"column":25},"end":{"line":27,"column":60}},"type":"cond-expr","locations":[{"start":{"line":27,"column":36},"end":{"line":27,"column":47}},{"start":{"line":27,"column":50},"end":{"line":27,"column":60}}]},"1":{"loc":{"start":{"line":44,"column":25},"end":{"line":44,"column":60}},"type":"cond-expr","locations":[{"start":{"line":44,"column":36},"end":{"line":44,"column":47}},{"start":{"line":44,"column":50},"end":{"line":44,"column":60}}]}},"s":{"0":1,"1":1,"2":1,"3":1,"4":1,"5":1,"6":1,"7":1,"8":1,"9":1,"10":1,"11":2,"12":1,"13":1,"14":1,"15":0,"16":0,"17":0,"18":0,"19":0,"20":0,"21":0,"22":0,"23":1},"f":{"0":1,"1":2,"2":0,"3":0,"4":0,"5":0,"6":0,"7":0},"b":{"0":[0,1],"1":[0,1]}}
,"/home/rails/Downloads/proj/to-do-app/src/components/Status/index.tsx": {"path":"/home/rails/Downloads/proj/to-do-app/src/components/Status/index.tsx","statementMap":{"0":{"start":{"line":1,"column":0},"end":{"line":1,"column":36}},"1":{"start":{"line":2,"column":0},"end":{"line":2,"column":68}},"2":{"start":{"line":3,"column":0},"end":{"line":3,"column":48}},"3":{"start":{"line":4,"column":0},"end":{"line":4,"column":74}},"4":{"start":{"line":5,"column":0},"end":{"line":5,"column":76}},"5":{"start":{"line":7,"column":15},"end":{"line":56,"column":1}},"6":{"start":{"line":12,"column":21},"end":{"line":37,"column":4}},"7":{"start":{"line":38,"column":2},"end":{"line":55,"column":4}},"8":{"start":{"line":58,"column":0},"end":{"line":58,"column":22}}},"fnMap":{"0":{"name":"(anonymous_1)","decl":{"start":{"line":7,"column":15},"end":{"line":7,"column":16}},"loc":{"start":{"line":11,"column":5},"end":{"line":56,"column":1}}}},"branchMap":{},"s":{"0":2,"1":2,"2":2,"3":2,"4":2,"5":2,"6":4,"7":4,"8":2},"f":{"0":4},"b":{}}
,"/home/rails/Downloads/proj/to-do-app/src/components/TaskCard/index.tsx": {"path":"/home/rails/Downloads/proj/to-do-app/src/components/TaskCard/index.tsx","statementMap":{"0":{"start":{"line":1,"column":0},"end":{"line":1,"column":38}},"1":{"start":{"line":2,"column":0},"end":{"line":2,"column":52}},"2":{"start":{"line":3,"column":0},"end":{"line":3,"column":50}},"3":{"start":{"line":4,"column":0},"end":{"line":4,"column":40}},"4":{"start":{"line":5,"column":0},"end":{"line":5,"column":46}},"5":{"start":{"line":6,"column":0},"end":{"line":6,"column":54}},"6":{"start":{"line":7,"column":0},"end":{"line":7,"column":34}},"7":{"start":{"line":26,"column":19},"end":{"line":26,"column":35}},"8":{"start":{"line":27,"column":24},"end":{"line":27,"column":34}},"9":{"start":{"line":29,"column":26},"end":{"line":37,"column":3}},"10":{"start":{"line":30,"column":4},"end":{"line":36,"column":5}},"11":{"start":{"line":31,"column":6},"end":{"line":31,"column":39}},"12":{"start":{"line":32,"column":6},"end":{"line":32,"column":44}},"13":{"start":{"line":33,"column":6},"end":{"line":33,"column":41}},"14":{"start":{"line":35,"column":6},"end":{"line":35,"column":68}},"15":{"start":{"line":38,"column":2},"end":{"line":38,"column":34}},"16":{"start":{"line":39,"column":2},"end":{"line":69,"column":4}},"17":{"start":{"line":45,"column":8},"end":{"line":45,"column":27}},"18":{"start":{"line":46,"column":8},"end":{"line":46,"column":28}},"19":{"start":{"line":47,"column":8},"end":{"line":47,"column":27}},"20":{"start":{"line":49,"column":27},"end":{"line":49,"column":72}},"21":{"start":{"line":18,"column":0},"end":{"line":18,"column":24}}},"fnMap":{"0":{"name":"TaskCard","decl":{"start":{"line":18,"column":24},"end":{"line":18,"column":32}},"loc":{"start":{"line":25,"column":7},"end":{"line":70,"column":1}}},"1":{"name":"(anonymous_2)","decl":{"start":{"line":29,"column":26},"end":{"line":29,"column":27}},"loc":{"start":{"line":29,"column":65},"end":{"line":37,"column":3}}},"2":{"name":"(anonymous_3)","decl":{"start":{"line":38,"column":12},"end":{"line":38,"column":15}},"loc":{"start":{"line":38,"column":17},"end":{"line":38,"column":20}}},"3":{"name":"(anonymous_4)","decl":{"start":{"line":44,"column":14},"end":{"line":44,"column":15}},"loc":{"start":{"line":44,"column":20},"end":{"line":48,"column":7}}},"4":{"name":"(anonymous_5)","decl":{"start":{"line":49,"column":21},"end":{"line":49,"column":24}},"loc":{"start":{"line":49,"column":27},"end":{"line":49,"column":72}}}},"branchMap":{"0":{"loc":{"start":{"line":30,"column":4},"end":{"line":36,"column":5}},"type":"if","locations":[{"start":{"line":30,"column":4},"end":{"line":36,"column":5}},{"start":{"line":34,"column":11},"end":{"line":36,"column":5}}]},"1":{"loc":{"start":{"line":60,"column":28},"end":{"line":60,"column":44}},"type":"binary-expr","locations":[{"start":{"line":60,"column":28},"end":{"line":60,"column":34}},{"start":{"line":60,"column":38},"end":{"line":60,"column":44}}]}},"s":{"0":2,"1":2,"2":2,"3":2,"4":2,"5":2,"6":2,"7":4,"8":4,"9":4,"10":0,"11":0,"12":0,"13":0,"14":0,"15":4,"16":4,"17":0,"18":0,"19":0,"20":0,"21":2},"f":{"0":4,"1":0,"2":4,"3":0,"4":0},"b":{"0":[0,0],"1":[4,0]}}
,"/home/rails/Downloads/proj/to-do-app/src/components/TaskForm/index.tsx": {"path":"/home/rails/Downloads/proj/to-do-app/src/components/TaskForm/index.tsx","statementMap":{"0":{"start":{"line":1,"column":0},"end":{"line":1,"column":31}},"1":{"start":{"line":2,"column":0},"end":{"line":2,"column":44}},"2":{"start":{"line":3,"column":0},"end":{"line":3,"column":40}},"3":{"start":{"line":4,"column":0},"end":{"line":4,"column":51}},"4":{"start":{"line":5,"column":0},"end":{"line":5,"column":62}},"5":{"start":{"line":6,"column":0},"end":{"line":6,"column":54}},"6":{"start":{"line":7,"column":0},"end":{"line":7,"column":54}},"7":{"start":{"line":8,"column":0},"end":{"line":8,"column":44}},"8":{"start":{"line":11,"column":20},"end":{"line":11,"column":57}},"9":{"start":{"line":11,"column":46},"end":{"line":11,"column":56}},"10":{"start":{"line":12,"column":26},"end":{"line":12,"column":74}},"11":{"start":{"line":13,"column":40},"end":{"line":14,"column":null}},"12":{"start":{"line":16,"column":19},"end":{"line":16,"column":35}},"13":{"start":{"line":17,"column":34},"end":{"line":17,"column":44}},"14":{"start":{"line":18,"column":26},"end":{"line":18,"column":36}},"15":{"start":{"line":20,"column":21},"end":{"line":44,"column":3}},"16":{"start":{"line":21,"column":4},"end":{"line":43,"column":5}},"17":{"start":{"line":22,"column":6},"end":{"line":28,"column":8}},"18":{"start":{"line":29,"column":6},"end":{"line":29,"column":49}},"19":{"start":{"line":30,"column":6},"end":{"line":30,"column":18}},"20":{"start":{"line":31,"column":6},"end":{"line":31,"column":25}},"21":{"start":{"line":33,"column":6},"end":{"line":42,"column":7}},"22":{"start":{"line":34,"column":8},"end":{"line":39,"column":10}},"23":{"start":{"line":40,"column":8},"end":{"line":40,"column":20}},"24":{"start":{"line":41,"column":8},"end":{"line":41,"column":27}},"25":{"start":{"line":46,"column":2},"end":{"line":96,"column":4}},"26":{"start":{"line":56,"column":29},"end":{"line":56,"column":52}},"27":{"start":{"line":67,"column":29},"end":{"line":67,"column":59}},"28":{"start":{"line":87,"column":31},"end":{"line":87,"column":73}},"29":{"start":{"line":10,"column":0},"end":{"line":10,"column":24}}},"fnMap":{"0":{"name":"TaskForm","decl":{"start":{"line":10,"column":24},"end":{"line":10,"column":32}},"loc":{"start":{"line":10,"column":56},"end":{"line":97,"column":1}}},"1":{"name":"(anonymous_8)","decl":{"start":{"line":11,"column":35},"end":{"line":11,"column":36}},"loc":{"start":{"line":11,"column":46},"end":{"line":11,"column":56}}},"2":{"name":"(anonymous_9)","decl":{"start":{"line":20,"column":21},"end":{"line":20,"column":24}},"loc":{"start":{"line":20,"column":26},"end":{"line":44,"column":3}}},"3":{"name":"(anonymous_10)","decl":{"start":{"line":56,"column":22},"end":{"line":56,"column":23}},"loc":{"start":{"line":56,"column":29},"end":{"line":56,"column":52}}},"4":{"name":"(anonymous_11)","decl":{"start":{"line":67,"column":22},"end":{"line":67,"column":23}},"loc":{"start":{"line":67,"column":29},"end":{"line":67,"column":59}}},"5":{"name":"(anonymous_12)","decl":{"start":{"line":87,"column":25},"end":{"line":87,"column":28}},"loc":{"start":{"line":87,"column":31},"end":{"line":87,"column":73}}}},"branchMap":{"0":{"loc":{"start":{"line":12,"column":49},"end":{"line":12,"column":73}},"type":"cond-expr","locations":[{"start":{"line":12,"column":54},"end":{"line":12,"column":68}},{"start":{"line":12,"column":71},"end":{"line":12,"column":73}}]},"1":{"loc":{"start":{"line":14,"column":4},"end":{"line":14,"column":35}},"type":"cond-expr","locations":[{"start":{"line":14,"column":9},"end":{"line":14,"column":30}},{"start":{"line":14,"column":33},"end":{"line":14,"column":35}}]},"2":{"loc":{"start":{"line":21,"column":4},"end":{"line":43,"column":5}},"type":"if","locations":[{"start":{"line":21,"column":4},"end":{"line":43,"column":5}},{"start":{"line":32,"column":11},"end":{"line":43,"column":5}}]},"3":{"loc":{"start":{"line":33,"column":6},"end":{"line":42,"column":7}},"type":"if","locations":[{"start":{"line":33,"column":6},"end":{"line":42,"column":7}}]},"4":{"loc":{"start":{"line":33,"column":10},"end":{"line":33,"column":29}},"type":"binary-expr","locations":[{"start":{"line":33,"column":10},"end":{"line":33,"column":21}},{"start":{"line":33,"column":25},"end":{"line":33,"column":29}}]},"5":{"loc":{"start":{"line":57,"column":25},"end":{"line":57,"column":56}},"type":"cond-expr","locations":[{"start":{"line":57,"column":30},"end":{"line":57,"column":43}},{"start":{"line":57,"column":46},"end":{"line":57,"column":56}}]},"6":{"loc":{"start":{"line":61,"column":19},"end":{"line":61,"column":49}},"type":"cond-expr","locations":[{"start":{"line":61,"column":37},"end":{"line":61,"column":42}},{"start":{"line":61,"column":45},"end":{"line":61,"column":49}}]},"7":{"loc":{"start":{"line":68,"column":25},"end":{"line":68,"column":70}},"type":"cond-expr","locations":[{"start":{"line":68,"column":30},"end":{"line":68,"column":50}},{"start":{"line":68,"column":53},"end":{"line":68,"column":70}}]},"8":{"loc":{"start":{"line":72,"column":19},"end":{"line":72,"column":71}},"type":"cond-expr","locations":[{"start":{"line":72,"column":59},"end":{"line":72,"column":64}},{"start":{"line":72,"column":67},"end":{"line":72,"column":71}}]},"9":{"loc":{"start":{"line":72,"column":19},"end":{"line":72,"column":56}},"type":"binary-expr","locations":[{"start":{"line":72,"column":19},"end":{"line":72,"column":30}},{"start":{"line":72,"column":34},"end":{"line":72,"column":56}}]},"10":{"loc":{"start":{"line":79,"column":15},"end":{"line":79,"column":36}},"type":"cond-expr","locations":[{"start":{"line":79,"column":20},"end":{"line":79,"column":28}},{"start":{"line":79,"column":31},"end":{"line":79,"column":36}}]},"11":{"loc":{"start":{"line":82,"column":11},"end":{"line":91,"column":null}},"type":"binary-expr","locations":[{"start":{"line":82,"column":11},"end":{"line":82,"column":13}},{"start":{"line":83,"column":12},"end":{"line":90,"column":null}}]}},"s":{"0":1,"1":1,"2":1,"3":1,"4":1,"5":1,"6":1,"7":1,"8":1,"9":2,"10":1,"11":1,"12":1,"13":1,"14":1,"15":1,"16":0,"17":0,"18":0,"19":0,"20":0,"21":0,"22":0,"23":0,"24":0,"25":1,"26":0,"27":0,"28":0,"29":1},"f":{"0":1,"1":2,"2":0,"3":0,"4":0,"5":0},"b":{"0":[0,1],"1":[0,1],"2":[0,0],"3":[0],"4":[0,0],"5":[0,1],"6":[0,1],"7":[0,1],"8":[0,1],"9":[1,0],"10":[0,1],"11":[1,0]}}
,"/home/rails/Downloads/proj/to-do-app/src/components/TodoComponent/index.tsx": {"path":"/home/rails/Downloads/proj/to-do-app/src/components/TodoComponent/index.tsx","statementMap":{"0":{"start":{"line":1,"column":0},"end":{"line":1,"column":38}},"1":{"start":{"line":2,"column":0},"end":{"line":2,"column":44}},"2":{"start":{"line":3,"column":0},"end":{"line":3,"column":48}},"3":{"start":{"line":4,"column":0},"end":{"line":4,"column":62}},"4":{"start":{"line":5,"column":0},"end":{"line":5,"column":54}},"5":{"start":{"line":6,"column":0},"end":{"line":6,"column":55}},"6":{"start":{"line":12,"column":20},"end":{"line":12,"column":57}},"7":{"start":{"line":12,"column":46},"end":{"line":12,"column":56}},"8":{"start":{"line":13,"column":19},"end":{"line":13,"column":35}},"9":{"start":{"line":14,"column":25},"end":{"line":14,"column":35}},"10":{"start":{"line":16,"column":22},"end":{"line":21,"column":4}},"11":{"start":{"line":22,"column":19},"end":{"line":22,"column":38}},"12":{"start":{"line":23,"column":2},"end":{"line":33,"column":5}},"13":{"start":{"line":24,"column":4},"end":{"line":32,"column":7}},"14":{"start":{"line":35,"column":25},"end":{"line":39,"column":3}},"15":{"start":{"line":36,"column":4},"end":{"line":36,"column":23}},"16":{"start":{"line":37,"column":4},"end":{"line":37,"column":39}},"17":{"start":{"line":38,"column":4},"end":{"line":38,"column":24}},"18":{"start":{"line":41,"column":21},"end":{"line":58,"column":3}},"19":{"start":{"line":42,"column":4},"end":{"line":42,"column":23}},"20":{"start":{"line":43,"column":15},"end":{"line":43,"column":43}},"21":{"start":{"line":44,"column":4},"end":{"line":44,"column":31}},"22":{"start":{"line":45,"column":4},"end":{"line":56,"column":5}},"23":{"start":{"line":46,"column":6},"end":{"line":55,"column":7}},"24":{"start":{"line":47,"column":8},"end":{"line":47,"column":76}},"25":{"start":{"line":49,"column":8},"end":{"line":54,"column":10}},"26":{"start":{"line":57,"column":4},"end":{"line":57,"column":24}},"27":{"start":{"line":60,"column":2},"end":{"line":103,"column":4}},"28":{"start":{"line":64,"column":10},"end":{"line":65,"column":null}},"29":{"start":{"line":67,"column":27},"end":{"line":67,"column":43}},"30":{"start":{"line":80,"column":16},"end":{"line":96,"column":18}},"31":{"start":{"line":81,"column":18},"end":{"line":95,"column":20}},"32":{"start":{"line":106,"column":0},"end":{"line":106,"column":20}}},"fnMap":{"0":{"name":"Todo","decl":{"start":{"line":11,"column":9},"end":{"line":11,"column":13}},"loc":{"start":{"line":11,"column":39},"end":{"line":104,"column":1}}},"1":{"name":"(anonymous_2)","decl":{"start":{"line":12,"column":35},"end":{"line":12,"column":36}},"loc":{"start":{"line":12,"column":46},"end":{"line":12,"column":56}}},"2":{"name":"(anonymous_3)","decl":{"start":{"line":23,"column":32},"end":{"line":23,"column":33}},"loc":{"start":{"line":23,"column":38},"end":{"line":33,"column":3}}},"3":{"name":"(anonymous_4)","decl":{"start":{"line":35,"column":25},"end":{"line":35,"column":26}},"loc":{"start":{"line":35,"column":64},"end":{"line":39,"column":3}}},"4":{"name":"(anonymous_5)","decl":{"start":{"line":41,"column":21},"end":{"line":41,"column":22}},"loc":{"start":{"line":41,"column":73},"end":{"line":58,"column":3}}},"5":{"name":"(anonymous_6)","decl":{"start":{"line":63,"column":31},"end":{"line":63,"column":32}},"loc":{"start":{"line":64,"column":10},"end":{"line":65,"column":null}}},"6":{"name":"(anonymous_7)","decl":{"start":{"line":67,"column":20},"end":{"line":67,"column":21}},"loc":{"start":{"line":67,"column":27},"end":{"line":67,"column":43}}},"7":{"name":"(anonymous_8)","decl":{"start":{"line":79,"column":27},"end":{"line":79,"column":28}},"loc":{"start":{"line":80,"column":16},"end":{"line":96,"column":18}}},"8":{"name":"(anonymous_9)","decl":{"start":{"line":80,"column":37},"end":{"line":80,"column":38}},"loc":{"start":{"line":80,"column":45},"end":{"line":96,"column":17}}}},"branchMap":{"0":{"loc":{"start":{"line":22,"column":19},"end":{"line":22,"column":38}},"type":"cond-expr","locations":[{"start":{"line":22,"column":26},"end":{"line":22,"column":30}},{"start":{"line":22,"column":33},"end":{"line":22,"column":38}}]},"1":{"loc":{"start":{"line":45,"column":4},"end":{"line":56,"column":5}},"type":"if","locations":[{"start":{"line":45,"column":4},"end":{"line":56,"column":5}}]},"2":{"loc":{"start":{"line":46,"column":6},"end":{"line":55,"column":7}},"type":"if","locations":[{"start":{"line":46,"column":6},"end":{"line":55,"column":7}},{"start":{"line":48,"column":13},"end":{"line":55,"column":7}}]}},"s":{"0":2,"1":2,"2":2,"3":2,"4":2,"5":2,"6":3,"7":6,"8":3,"9":3,"10":3,"11":3,"12":3,"13":4,"14":3,"15":0,"16":0,"17":0,"18":3,"19":0,"20":0,"21":0,"22":0,"23":0,"24":0,"25":0,"26":0,"27":3,"28":12,"29":0,"30":4,"31":4,"32":2},"f":{"0":3,"1":6,"2":4,"3":0,"4":0,"5":12,"6":0,"7":4,"8":4},"b":{"0":[1,2],"1":[0],"2":[0,0]}}
,"/home/rails/Downloads/proj/to-do-app/src/constant/TestIds.ts": {"path":"/home/rails/Downloads/proj/to-do-app/src/constant/TestIds.ts","statementMap":{"0":{"start":{"line":1,"column":13},"end":{"line":4,"column":2}},"1":{"start":{"line":6,"column":13},"end":{"line":9,"column":2}},"2":{"start":{"line":11,"column":13},"end":{"line":16,"column":2}},"3":{"start":{"line":18,"column":13},"end":{"line":21,"column":2}}},"fnMap":{},"branchMap":{},"s":{"0":4,"1":4,"2":4,"3":4},"f":{},"b":{}}
,"/home/rails/Downloads/proj/to-do-app/src/constant/mockData.ts": {"path":"/home/rails/Downloads/proj/to-do-app/src/constant/mockData.ts","statementMap":{"0":{"start":{"line":11,"column":13},"end":{"line":40,"column":2}}},"fnMap":{},"branchMap":{},"s":{"0":1},"f":{},"b":{}}
,"/home/rails/Downloads/proj/to-do-app/src/pages/Home/index.tsx": {"path":"/home/rails/Downloads/proj/to-do-app/src/pages/Home/index.tsx","statementMap":{"0":{"start":{"line":1,"column":0},"end":{"line":1,"column":48}},"1":{"start":{"line":2,"column":0},"end":{"line":2,"column":38}},"2":{"start":{"line":3,"column":0},"end":{"line":3,"column":44}},"3":{"start":{"line":4,"column":0},"end":{"line":4,"column":45}},"4":{"start":{"line":5,"column":0},"end":{"line":5,"column":39}},"5":{"start":{"line":6,"column":0},"end":{"line":6,"column":48}},"6":{"start":{"line":8,"column":0},"end":{"line":8,"column":44}},"7":{"start":{"line":11,"column":13},"end":{"line":87,"column":1}},"8":{"start":{"line":12,"column":2},"end":{"line":86,"column":4}},"9":{"start":{"line":89,"column":0},"end":{"line":89,"column":20}}},"fnMap":{"0":{"name":"(anonymous_1)","decl":{"start":{"line":11,"column":13},"end":{"line":11,"column":14}},"loc":{"start":{"line":11,"column":43},"end":{"line":87,"column":1}}}},"branchMap":{},"s":{"0":1,"1":1,"2":1,"3":1,"4":1,"5":1,"6":1,"7":1,"8":1,"9":1},"f":{"0":1},"b":{}}
,"/home/rails/Downloads/proj/to-do-app/src/redux/store.tsx": {"path":"/home/rails/Downloads/proj/to-do-app/src/redux/store.tsx","statementMap":{"0":{"start":{"line":1,"column":0},"end":{"line":1,"column":50}},"1":{"start":{"line":2,"column":0},"end":{"line":2,"column":77}},"2":{"start":{"line":3,"column":0},"end":{"line":3,"column":57}},"3":{"start":{"line":4,"column":0},"end":{"line":4,"column":51}},"4":{"start":{"line":5,"column":0},"end":{"line":5,"column":51}},"5":{"start":{"line":7,"column":13},"end":{"line":13,"column":3}},"6":{"start":{"line":15,"column":13},"end":{"line":15,"column":71}},"7":{"start":{"line":16,"column":13},"end":{"line":16,"column":75}}},"fnMap":{},"branchMap":{},"s":{"0":4,"1":4,"2":4,"3":4,"4":4,"5":4,"6":4,"7":4},"f":{},"b":{}}
,"/home/rails/Downloads/proj/to-do-app/src/redux/Slices/drag.slice.ts": {"path":"/home/rails/Downloads/proj/to-do-app/src/redux/Slices/drag.slice.ts","statementMap":{"0":{"start":{"line":1,"column":0},"end":{"line":1,"column":47}},"1":{"start":{"line":10,"column":27},"end":{"line":15,"column":2}},"2":{"start":{"line":17,"column":18},"end":{"line":35,"column":2}},"3":{"start":{"line":22,"column":33},"end":{"line":22,"column":47}},"4":{"start":{"line":23,"column":6},"end":{"line":23,"column":36}},"5":{"start":{"line":24,"column":6},"end":{"line":24,"column":32}},"6":{"start":{"line":27,"column":27},"end":{"line":27,"column":41}},"7":{"start":{"line":28,"column":6},"end":{"line":28,"column":32}},"8":{"start":{"line":31,"column":27},"end":{"line":31,"column":41}},"9":{"start":{"line":32,"column":6},"end":{"line":32,"column":32}},"10":{"start":{"line":37,"column":13},"end":{"line":37,"column":44}},"11":{"start":{"line":38,"column":0},"end":{"line":38,"column":33}}},"fnMap":{"0":{"name":"(anonymous_0)","decl":{"start":{"line":21,"column":15},"end":{"line":21,"column":16}},"loc":{"start":{"line":21,"column":33},"end":{"line":25,"column":5}}},"1":{"name":"(anonymous_1)","decl":{"start":{"line":26,"column":17},"end":{"line":26,"column":18}},"loc":{"start":{"line":26,"column":35},"end":{"line":29,"column":5}}},"2":{"name":"(anonymous_2)","decl":{"start":{"line":30,"column":17},"end":{"line":30,"column":18}},"loc":{"start":{"line":30,"column":35},"end":{"line":33,"column":5}}}},"branchMap":{"0":{"loc":{"start":{"line":24,"column":17},"end":{"line":24,"column":31}},"type":"binary-expr","locations":[{"start":{"line":24,"column":17},"end":{"line":24,"column":19}},{"start":{"line":24,"column":23},"end":{"line":24,"column":31}}]}},"s":{"0":4,"1":4,"2":4,"3":0,"4":0,"5":0,"6":0,"7":0,"8":0,"9":0,"10":4,"11":4},"f":{"0":0,"1":0,"2":0},"b":{"0":[0,0]}}
,"/home/rails/Downloads/proj/to-do-app/src/redux/Slices/task.slice.ts": {"path":"/home/rails/Downloads/proj/to-do-app/src/redux/Slices/task.slice.ts","statementMap":{"0":{"start":{"line":1,"column":0},"end":{"line":1,"column":47}},"1":{"start":{"line":2,"column":0},"end":{"line":2,"column":null}},"2":{"start":{"line":20,"column":28},"end":{"line":22,"column":2}},"3":{"start":{"line":24,"column":18},"end":{"line":58,"column":2}},"4":{"start":{"line":29,"column":36},"end":{"line":29,"column":50}},"5":{"start":{"line":30,"column":17},"end":{"line":30,"column":22}},"6":{"start":{"line":31,"column":6},"end":{"line":37,"column":8}},"7":{"start":{"line":38,"column":6},"end":{"line":38,"column":50}},"8":{"start":{"line":41,"column":21},"end":{"line":41,"column":35}},"9":{"start":{"line":42,"column":6},"end":{"line":42,"column":29}},"10":{"start":{"line":43,"column":6},"end":{"line":43,"column":50}},"11":{"start":{"line":46,"column":48},"end":{"line":46,"column":62}},"12":{"start":{"line":47,"column":6},"end":{"line":47,"column":35}},"13":{"start":{"line":48,"column":6},"end":{"line":54,"column":8}},"14":{"start":{"line":55,"column":6},"end":{"line":55,"column":50}},"15":{"start":{"line":60,"column":13},"end":{"line":60,"column":44}},"16":{"start":{"line":61,"column":0},"end":{"line":61,"column":33}}},"fnMap":{"0":{"name":"(anonymous_0)","decl":{"start":{"line":28,"column":13},"end":{"line":28,"column":14}},"loc":{"start":{"line":28,"column":31},"end":{"line":39,"column":5}}},"1":{"name":"(anonymous_1)","decl":{"start":{"line":40,"column":16},"end":{"line":40,"column":17}},"loc":{"start":{"line":40,"column":34},"end":{"line":44,"column":5}}},"2":{"name":"(anonymous_2)","decl":{"start":{"line":45,"column":16},"end":{"line":45,"column":17}},"loc":{"start":{"line":45,"column":34},"end":{"line":56,"column":5}}}},"branchMap":{"0":{"loc":{"start":{"line":49,"column":14},"end":{"line":49,"column":42}},"type":"binary-expr","locations":[{"start":{"line":49,"column":14},"end":{"line":49,"column":18}},{"start":{"line":49,"column":22},"end":{"line":49,"column":42}}]},"1":{"loc":{"start":{"line":50,"column":21},"end":{"line":50,"column":63}},"type":"binary-expr","locations":[{"start":{"line":50,"column":21},"end":{"line":50,"column":32}},{"start":{"line":50,"column":36},"end":{"line":50,"column":63}}]},"2":{"loc":{"start":{"line":51,"column":16},"end":{"line":51,"column":48}},"type":"binary-expr","locations":[{"start":{"line":51,"column":16},"end":{"line":51,"column":22}},{"start":{"line":51,"column":26},"end":{"line":51,"column":48}}]}},"s":{"0":4,"1":4,"2":4,"3":4,"4":0,"5":0,"6":0,"7":0,"8":0,"9":0,"10":0,"11":0,"12":0,"13":0,"14":0,"15":4,"16":4},"f":{"0":0,"1":0,"2":0},"b":{"0":[0,0],"1":[0,0],"2":[0,0]}}
,"/home/rails/Downloads/proj/to-do-app/src/redux/Slices/theme.slice.ts": {"path":"/home/rails/Downloads/proj/to-do-app/src/redux/Slices/theme.slice.ts","statementMap":{"0":{"start":{"line":1,"column":0},"end":{"line":1,"column":47}},"1":{"start":{"line":7,"column":21},"end":{"line":9,"column":11}},"2":{"start":{"line":11,"column":23},"end":{"line":19,"column":2}},"3":{"start":{"line":16,"column":6},"end":{"line":16,"column":61}},"4":{"start":{"line":21,"column":13},"end":{"line":21,"column":50}},"5":{"start":{"line":22,"column":0},"end":{"line":22,"column":38}}},"fnMap":{"0":{"name":"(anonymous_0)","decl":{"start":{"line":15,"column":16},"end":{"line":15,"column":17}},"loc":{"start":{"line":15,"column":26},"end":{"line":17,"column":5}}}},"branchMap":{"0":{"loc":{"start":{"line":16,"column":19},"end":{"line":16,"column":60}},"type":"cond-expr","locations":[{"start":{"line":16,"column":44},"end":{"line":16,"column":50}},{"start":{"line":16,"column":53},"end":{"line":16,"column":60}}]}},"s":{"0":4,"1":4,"2":4,"3":2,"4":4,"5":4},"f":{"0":2},"b":{"0":[1,1]}}
,"/home/rails/Downloads/proj/to-do-app/src/styles/Layout/index.tsx": {"path":"/home/rails/Downloads/proj/to-do-app/src/styles/Layout/index.tsx","statementMap":{"0":{"start":{"line":1,"column":0},"end":{"line":1,"column":51}},"1":{"start":{"line":2,"column":0},"end":{"line":2,"column":42}},"2":{"start":{"line":3,"column":0},"end":{"line":3,"column":47}},"3":{"start":{"line":5,"column":15},"end":{"line":16,"column":1}},"4":{"start":{"line":6,"column":22},"end":{"line":6,"column":57}},"5":{"start":{"line":8,"column":2},"end":{"line":15,"column":4}},"6":{"start":{"line":18,"column":0},"end":{"line":18,"column":22}}},"fnMap":{"0":{"name":"(anonymous_1)","decl":{"start":{"line":5,"column":15},"end":{"line":5,"column":18}},"loc":{"start":{"line":5,"column":20},"end":{"line":16,"column":1}}}},"branchMap":{"0":{"loc":{"start":{"line":9,"column":18},"end":{"line":9,"column":48}},"type":"cond-expr","locations":[{"start":{"line":9,"column":32},"end":{"line":9,"column":38}},{"start":{"line":9,"column":41},"end":{"line":9,"column":48}}]}},"s":{"0":0,"1":0,"2":0,"3":0,"4":0,"5":0,"6":0},"f":{"0":0},"b":{"0":[0,0]}}
,"/home/rails/Downloads/proj/to-do-app/src/styles/Theme/theme.ts": {"path":"/home/rails/Downloads/proj/to-do-app/src/styles/Theme/theme.ts","statementMap":{"0":{"start":{"line":7,"column":13},"end":{"line":48,"column":2}},"1":{"start":{"line":52,"column":39},"end":{"line":52,"column":41}},"2":{"start":{"line":53,"column":2},"end":{"line":64,"column":4}},"3":{"start":{"line":55,"column":19},"end":{"line":55,"column":35}},"4":{"start":{"line":56,"column":21},"end":{"line":56,"column":39}},"5":{"start":{"line":57,"column":21},"end":{"line":57,"column":32}},"6":{"start":{"line":58,"column":50},"end":{"line":58,"column":52}},"7":{"start":{"line":59,"column":6},"end":{"line":61,"column":7}},"8":{"start":{"line":59,"column":19},"end":{"line":59,"column":20}},"9":{"start":{"line":60,"column":8},"end":{"line":60,"column":54}},"10":{"start":{"line":62,"column":6},"end":{"line":62,"column":40}},"11":{"start":{"line":65,"column":2},"end":{"line":65,"column":24}},"12":{"start":{"line":67,"column":13},"end":{"line":67,"column":67}},"13":{"start":{"line":70,"column":29},"end":{"line":118,"column":1}},"14":{"start":{"line":71,"column":2},"end":{"line":117,"column":4}},"15":{"start":{"line":70,"column":13},"end":{"line":70,"column":29}}},"fnMap":{"0":{"name":"reverseTokens","decl":{"start":{"line":51,"column":9},"end":{"line":51,"column":22}},"loc":{"start":{"line":51,"column":47},"end":{"line":66,"column":1}}},"1":{"name":"(anonymous_1)","decl":{"start":{"line":54,"column":4},"end":{"line":54,"column":5}},"loc":{"start":{"line":54,"column":53},"end":{"line":63,"column":5}}},"2":{"name":"(anonymous_2)","decl":{"start":{"line":70,"column":29},"end":{"line":70,"column":30}},"loc":{"start":{"line":70,"column":51},"end":{"line":118,"column":1}}}},"branchMap":{"0":{"loc":{"start":{"line":74,"column":10},"end":{"line":115,"column":12}},"type":"cond-expr","locations":[{"start":{"line":75,"column":10},"end":{"line":94,"column":null}},{"start":{"line":95,"column":10},"end":{"line":115,"column":12}}]}},"s":{"0":4,"1":4,"2":4,"3":12,"4":12,"5":12,"6":12,"7":12,"8":12,"9":128,"10":12,"11":4,"12":4,"13":4,"14":11,"15":4},"f":{"0":4,"1":12,"2":11},"b":{"0":[10,1]}}
,"/home/rails/Downloads/proj/to-do-app/src/utility/dragAndDrop.ts": {"path":"/home/rails/Downloads/proj/to-do-app/src/utility/dragAndDrop.ts","statementMap":{"0":{"start":{"line":1,"column":0},"end":{"line":1,"column":43}},"1":{"start":{"line":3,"column":23},"end":{"line":28,"column":1}},"2":{"start":{"line":9,"column":14},"end":{"line":9,"column":49}},"3":{"start":{"line":10,"column":2},"end":{"line":26,"column":4}},"4":{"start":{"line":27,"column":2},"end":{"line":27,"column":33}},"5":{"start":{"line":30,"column":27},"end":{"line":74,"column":1}},"6":{"start":{"line":31,"column":2},"end":{"line":73,"column":5}},"7":{"start":{"line":33,"column":14},"end":{"line":33,"column":46}},"8":{"start":{"line":34,"column":21},"end":{"line":34,"column":59}},"9":{"start":{"line":35,"column":21},"end":{"line":35,"column":59}},"10":{"start":{"line":37,"column":4},"end":{"line":37,"column":43}},"11":{"start":{"line":38,"column":21},"end":{"line":38,"column":59}},"12":{"start":{"line":39,"column":21},"end":{"line":39,"column":59}},"13":{"start":{"line":42,"column":4},"end":{"line":42,"column":62}},"14":{"start":{"line":43,"column":4},"end":{"line":43,"column":63}},"15":{"start":{"line":44,"column":4},"end":{"line":44,"column":62}},"16":{"start":{"line":45,"column":4},"end":{"line":45,"column":62}},"17":{"start":{"line":48,"column":24},"end":{"line":52,"column":null}},"18":{"start":{"line":54,"column":4},"end":{"line":56,"column":5}},"19":{"start":{"line":55,"column":6},"end":{"line":55,"column":13}},"20":{"start":{"line":58,"column":4},"end":{"line":58,"column":57}},"21":{"start":{"line":59,"column":4},"end":{"line":59,"column":62}},"22":{"start":{"line":60,"column":4},"end":{"line":60,"column":57}},"23":{"start":{"line":61,"column":4},"end":{"line":61,"column":62}},"24":{"start":{"line":64,"column":4},"end":{"line":64,"column":63}},"25":{"start":{"line":65,"column":4},"end":{"line":65,"column":62}},"26":{"start":{"line":66,"column":4},"end":{"line":66,"column":62}},"27":{"start":{"line":67,"column":4},"end":{"line":67,"column":61}},"28":{"start":{"line":70,"column":4},"end":{"line":70,"column":57}},"29":{"start":{"line":71,"column":4},"end":{"line":71,"column":60}},"30":{"start":{"line":72,"column":4},"end":{"line":72,"column":60}},"31":{"start":{"line":30,"column":13},"end":{"line":30,"column":27}}},"fnMap":{"0":{"name":"(anonymous_0)","decl":{"start":{"line":3,"column":23},"end":{"line":3,"column":null}},"loc":{"start":{"line":7,"column":17},"end":{"line":28,"column":1}}},"1":{"name":"(anonymous_1)","decl":{"start":{"line":30,"column":27},"end":{"line":30,"column":28}},"loc":{"start":{"line":30,"column":76},"end":{"line":74,"column":1}}},"2":{"name":"(anonymous_2)","decl":{"start":{"line":31,"column":6},"end":{"line":31,"column":9}},"loc":{"start":{"line":31,"column":11},"end":{"line":73,"column":3}}}},"branchMap":{"0":{"loc":{"start":{"line":54,"column":4},"end":{"line":56,"column":5}},"type":"if","locations":[{"start":{"line":54,"column":4},"end":{"line":56,"column":5}}]}},"s":{"0":0,"1":0,"2":0,"3":0,"4":0,"5":0,"6":0,"7":0,"8":0,"9":0,"10":0,"11":0,"12":0,"13":0,"14":0,"15":0,"16":0,"17":0,"18":0,"19":0,"20":0,"21":0,"22":0,"23":0,"24":0,"25":0,"26":0,"27":0,"28":0,"29":0,"30":0,"31":0},"f":{"0":0,"1":0,"2":0},"b":{"0":[0]}}
,"/home/rails/Downloads/proj/to-do-app/src/utility/index.ts": {"path":"/home/rails/Downloads/proj/to-do-app/src/utility/index.ts","statementMap":{"0":{"start":{"line":1,"column":37},"end":{"line":3,"column":1}},"1":{"start":{"line":2,"column":2},"end":{"line":2,"column":49}},"2":{"start":{"line":1,"column":13},"end":{"line":1,"column":37}},"3":{"start":{"line":5,"column":39},"end":{"line":8,"column":1}},"4":{"start":{"line":6,"column":15},"end":{"line":6,"column":48}},"5":{"start":{"line":7,"column":2},"end":{"line":7,"column":26}},"6":{"start":{"line":5,"column":13},"end":{"line":5,"column":39}},"7":{"start":{"line":10,"column":19},"end":{"line":12,"column":1}},"8":{"start":{"line":11,"column":2},"end":{"line":11,"column":72}},"9":{"start":{"line":10,"column":13},"end":{"line":10,"column":19}},"10":{"start":{"line":14,"column":37},"end":{"line":16,"column":1}},"11":{"start":{"line":15,"column":2},"end":{"line":15,"column":52}},"12":{"start":{"line":14,"column":13},"end":{"line":14,"column":37}}},"fnMap":{"0":{"name":"(anonymous_0)","decl":{"start":{"line":1,"column":37},"end":{"line":1,"column":38}},"loc":{"start":{"line":1,"column":63},"end":{"line":3,"column":1}}},"1":{"name":"(anonymous_1)","decl":{"start":{"line":5,"column":39},"end":{"line":5,"column":40}},"loc":{"start":{"line":5,"column":55},"end":{"line":8,"column":1}}},"2":{"name":"(anonymous_2)","decl":{"start":{"line":10,"column":19},"end":{"line":10,"column":22}},"loc":{"start":{"line":10,"column":24},"end":{"line":12,"column":1}}},"3":{"name":"(anonymous_3)","decl":{"start":{"line":14,"column":37},"end":{"line":14,"column":38}},"loc":{"start":{"line":14,"column":53},"end":{"line":16,"column":1}}}},"branchMap":{"0":{"loc":{"start":{"line":6,"column":15},"end":{"line":6,"column":48}},"type":"binary-expr","locations":[{"start":{"line":6,"column":15},"end":{"line":6,"column":40}},{"start":{"line":6,"column":44},"end":{"line":6,"column":48}}]}},"s":{"0":4,"1":0,"2":4,"3":4,"4":4,"5":4,"6":4,"7":4,"8":0,"9":4,"10":4,"11":12,"12":4},"f":{"0":0,"1":4,"2":0,"3":12},"b":{"0":[4,4]}}
}
