{"/home/rails/Downloads/proj/to-do-app/src/TestWrapper.ts": {"path":"/home/rails/Downloads/proj/to-do-app/src/TestWrapper.ts","statementMap":{"0":{"start":{"line":2,"column":0},"end":{"line":2,"column":63}},"1":{"start":{"line":3,"column":0},"end":{"line":3,"column":33}},"2":{"start":{"line":5,"column":21},"end":{"line":13,"column":1}},"3":{"start":{"line":9,"column":2},"end":{"line":12,"column":5}},"4":{"start":{"line":16,"column":25},"end":{"line":16,"column":31}},"5":{"start":{"line":15,"column":0},"end":{"line":15,"column":39}}},"fnMap":{"0":{"name":"(anonymous_5)","decl":{"start":{"line":5,"column":21},"end":{"line":5,"column":null}},"loc":{"start":{"line":8,"column":4},"end":{"line":13,"column":1}}}},"branchMap":{},"s":{"0":3,"1":3,"2":3,"3":6,"4":3,"5":3},"f":{"0":6},"b":{}}
,"/home/rails/Downloads/proj/to-do-app/src/components/AreYouSure/index.tsx": {"path":"/home/rails/Downloads/proj/to-do-app/src/components/AreYouSure/index.tsx","statementMap":{"0":{"start":{"line":1,"column":0},"end":{"line":1,"column":51}},"1":{"start":{"line":2,"column":0},"end":{"line":2,"column":56}},"2":{"start":{"line":3,"column":0},"end":{"line":3,"column":62}},"3":{"start":{"line":4,"column":0},"end":{"line":4,"column":54}},"4":{"start":{"line":5,"column":0},"end":{"line":5,"column":54}},"5":{"start":{"line":6,"column":0},"end":{"line":6,"column":55}},"6":{"start":{"line":8,"column":19},"end":{"line":46,"column":1}},"7":{"start":{"line":9,"column":19},"end":{"line":9,"column":35}},"8":{"start":{"line":10,"column":25},"end":{"line":10,"column":35}},"9":{"start":{"line":11,"column":26},"end":{"line":11,"column":36}},"10":{"start":{"line":12,"column":27},"end":{"line":12,"column":56}},"11":{"start":{"line":12,"column":49},"end":{"line":12,"column":55}},"12":{"start":{"line":13,"column":2},"end":{"line":45,"column":4}},"13":{"start":{"line":20,"column":14},"end":{"line":20,"column":47}},"14":{"start":{"line":21,"column":14},"end":{"line":21,"column":57}},"15":{"start":{"line":32,"column":27},"end":{"line":32,"column":69}},"16":{"start":{"line":47,"column":0},"end":{"line":47,"column":26}}},"fnMap":{"0":{"name":"(anonymous_1)","decl":{"start":{"line":8,"column":19},"end":{"line":8,"column":20}},"loc":{"start":{"line":8,"column":52},"end":{"line":46,"column":1}}},"1":{"name":"(anonymous_2)","decl":{"start":{"line":12,"column":42},"end":{"line":12,"column":43}},"loc":{"start":{"line":12,"column":49},"end":{"line":12,"column":55}}},"2":{"name":"(anonymous_3)","decl":{"start":{"line":19,"column":21},"end":{"line":19,"column":24}},"loc":{"start":{"line":19,"column":26},"end":{"line":22,"column":13}}},"3":{"name":"(anonymous_4)","decl":{"start":{"line":32,"column":21},"end":{"line":32,"column":24}},"loc":{"start":{"line":32,"column":27},"end":{"line":32,"column":69}}}},"branchMap":{"0":{"loc":{"start":{"line":14,"column":26},"end":{"line":14,"column":51}},"type":"binary-expr","locations":[{"start":{"line":14,"column":26},"end":{"line":14,"column":30}},{"start":{"line":14,"column":34},"end":{"line":14,"column":42}},{"start":{"line":14,"column":46},"end":{"line":14,"column":51}}]}},"s":{"0":2,"1":2,"2":2,"3":2,"4":2,"5":2,"6":2,"7":6,"8":6,"9":6,"10":6,"11":10,"12":6,"13":0,"14":0,"15":0,"16":2},"f":{"0":6,"1":10,"2":0,"3":0},"b":{"0":[6,3,3]}}
,"/home/rails/Downloads/proj/to-do-app/src/components/Common/Navbar/index.tsx": {"path":"/home/rails/Downloads/proj/to-do-app/src/components/Common/Navbar/index.tsx","statementMap":{"0":{"start":{"line":1,"column":0},"end":{"line":1,"column":null}},"1":{"start":{"line":9,"column":0},"end":{"line":9,"column":46}},"2":{"start":{"line":10,"column":0},"end":{"line":10,"column":58}},"3":{"start":{"line":11,"column":0},"end":{"line":11,"column":58}},"4":{"start":{"line":12,"column":0},"end":{"line":12,"column":62}},"5":{"start":{"line":13,"column":0},"end":{"line":13,"column":56}},"6":{"start":{"line":14,"column":0},"end":{"line":14,"column":41}},"7":{"start":{"line":17,"column":19},"end":{"line":17,"column":57}},"8":{"start":{"line":17,"column":45},"end":{"line":17,"column":56}},"9":{"start":{"line":18,"column":19},"end":{"line":18,"column":35}},"10":{"start":{"line":19,"column":25},"end":{"line":19,"column":36}},"11":{"start":{"line":21,"column":2},"end":{"line":81,"column":4}},"12":{"start":{"line":72,"column":29},"end":{"line":72,"column":51}},"13":{"start":{"line":83,"column":0},"end":{"line":83,"column":22}}},"fnMap":{"0":{"name":"Navbar","decl":{"start":{"line":16,"column":9},"end":{"line":16,"column":15}},"loc":{"start":{"line":16,"column":15},"end":{"line":82,"column":1}}},"1":{"name":"(anonymous_2)","decl":{"start":{"line":17,"column":34},"end":{"line":17,"column":35}},"loc":{"start":{"line":17,"column":45},"end":{"line":17,"column":56}}},"2":{"name":"(anonymous_3)","decl":{"start":{"line":72,"column":23},"end":{"line":72,"column":26}},"loc":{"start":{"line":72,"column":29},"end":{"line":72,"column":51}}}},"branchMap":{"0":{"loc":{"start":{"line":74,"column":15},"end":{"line":74,"column":71}},"type":"cond-expr","locations":[{"start":{"line":74,"column":34},"end":{"line":74,"column":51}},{"start":{"line":74,"column":54},"end":{"line":74,"column":71}}]}},"s":{"0":1,"1":1,"2":1,"3":1,"4":1,"5":1,"6":1,"7":4,"8":8,"9":4,"10":4,"11":4,"12":2,"13":1},"f":{"0":4,"1":8,"2":2},"b":{"0":[1,3]}}
,"/home/rails/Downloads/proj/to-do-app/src/constant/TestIds.ts": {"path":"/home/rails/Downloads/proj/to-do-app/src/constant/TestIds.ts","statementMap":{"0":{"start":{"line":1,"column":13},"end":{"line":4,"column":2}},"1":{"start":{"line":6,"column":13},"end":{"line":9,"column":2}}},"fnMap":{},"branchMap":{},"s":{"0":3,"1":3},"f":{},"b":{}}
}
