TN:
SF:src/TestWrapper.ts
FN:5,(anonymous_5)
FNF:1
FNH:1
FNDA:4,(anonymous_5)
DA:2,2
DA:3,2
DA:5,2
DA:9,4
DA:15,2
DA:16,2
LF:6
LH:6
BRF:0
BRH:0
end_of_record
TN:
SF:src/components/AreYouSure/index.tsx
FN:8,(anonymous_1)
FN:12,(anonymous_2)
FN:19,(anonymous_3)
FN:32,(anonymous_4)
FNF:4
FNH:2
FNDA:6,(anonymous_1)
FNDA:10,(anonymous_2)
FNDA:0,(anonymous_3)
FNDA:0,(anonymous_4)
DA:1,2
DA:2,2
DA:3,2
DA:4,2
DA:5,2
DA:6,2
DA:8,2
DA:9,6
DA:10,6
DA:11,6
DA:12,10
DA:13,6
DA:20,0
DA:21,0
DA:32,0
DA:47,2
LF:16
LH:13
BRDA:14,0,0,6
BRDA:14,0,1,3
BRDA:14,0,2,3
BRF:3
BRH:3
end_of_record
TN:
SF:src/constant/TestIds.ts
FNF:0
FNH:0
DA:1,2
LF:1
LH:1
BRF:0
BRH:0
end_of_record
TN:
SF:src/pages/Home/index.tsx
FN:10,(anonymous_1)
FNF:1
FNH:1
FNDA:1,(anonymous_1)
DA:1,1
DA:2,1
DA:3,1
DA:4,1
DA:5,1
DA:6,1
DA:8,1
DA:10,1
DA:11,1
DA:88,1
LF:10
LH:10
BRF:0
BRH:0
end_of_record
